[0405/014020.955:ERROR:process_reader_win.cc(123)] NtOpenThread: {Access Denied} A process has requested access to an object, but has not been granted those access rights. (0xc0000022)
[0405/014020.957:ERROR:exception_snapshot_win.cc(88)] thread ID 12168 not found in process
[0405/014020.957:WARNING:crash_report_exception_handler.cc(62)] ProcessSnapshotWin::Initialize failed
[0405/015312.974:ERROR:process_reader_win.cc(123)] NtOpenThread: {Access Denied} A process has requested access to an object, but has not been granted those access rights. (0xc0000022)
[0405/015312.975:ERROR:exception_snapshot_win.cc(88)] thread ID 8128 not found in process
[0405/015312.976:WARNING:crash_report_exception_handler.cc(62)] ProcessSnapshotWin::Initialize failed
[0405/020739.492:ERROR:process_reader_win.cc(123)] NtOpenThread: {Access Denied} A process has requested access to an object, but has not been granted those access rights. (0xc0000022)
[0405/020739.561:ERROR:exception_snapshot_win.cc(88)] thread ID 4256 not found in process
[0405/020739.561:WARNING:crash_report_exception_handler.cc(62)] ProcessSnapshotWin::Initialize failed
[0405/021659.711:ERROR:process_reader_win.cc(123)] NtOpenThread: {Access Denied} A process has requested access to an object, but has not been granted those access rights. (0xc0000022)
[0405/021659.712:ERROR:exception_snapshot_win.cc(88)] thread ID 344 not found in process
[0405/021659.713:WARNING:crash_report_exception_handler.cc(62)] ProcessSnapshotWin::Initialize failed
[0405/022212.996:ERROR:process_reader_win.cc(151)] SuspendThread: Access is denied. (0x5)
[0405/022212.997:ERROR:process_reader_win.cc(151)] SuspendThread: Access is denied. (0x5)
[0405/022212.997:ERROR:process_reader_win.cc(151)] SuspendThread: Access is denied. (0x5)
[0405/022212.997:ERROR:process_reader_win.cc(151)] SuspendThread: Access is denied. (0x5)
[0405/022212.997:ERROR:process_reader_win.cc(151)] SuspendThread: Access is denied. (0x5)
[0405/022212.998:ERROR:process_reader_win.cc(151)] SuspendThread: Access is denied. (0x5)
[0405/022212.998:ERROR:process_reader_win.cc(123)] NtOpenThread: {Access Denied} A process has requested access to an object, but has not been granted those access rights. (0xc0000022)
[0405/022212.998:ERROR:exception_snapshot_win.cc(88)] thread ID 248 not found in process
[0405/022212.998:WARNING:crash_report_exception_handler.cc(62)] ProcessSnapshotWin::Initialize failed
[0405/022327.049:ERROR:process_reader_win.cc(123)] NtOpenThread: {Access Denied} A process has requested access to an object, but has not been granted those access rights. (0xc0000022)
[0405/022327.051:ERROR:exception_snapshot_win.cc(88)] thread ID 10844 not found in process
[0405/022327.051:WARNING:crash_report_exception_handler.cc(62)] ProcessSnapshotWin::Initialize failed
[0405/022639.194:ERROR:process_reader_win.cc(123)] NtOpenThread: {Access Denied} A process has requested access to an object, but has not been granted those access rights. (0xc0000022)
[0405/022639.200:ERROR:exception_snapshot_win.cc(88)] thread ID 1472 not found in process
[0405/022639.200:WARNING:crash_report_exception_handler.cc(62)] ProcessSnapshotWin::Initialize failed
[0405/102042.969:ERROR:process_reader_win.cc(123)] NtOpenThread: {Access Denied} A process has requested access to an object, but has not been granted those access rights. (0xc0000022)
[0405/102043.009:ERROR:exception_snapshot_win.cc(88)] thread ID 12388 not found in process
[0405/102043.009:WARNING:crash_report_exception_handler.cc(62)] ProcessSnapshotWin::Initialize failed
[0405/104503.858:ERROR:process_reader_win.cc(123)] NtOpenThread: {Access Denied} A process has requested access to an object, but has not been granted those access rights. (0xc0000022)
[0405/104503.861:ERROR:exception_snapshot_win.cc(88)] thread ID 12360 not found in process
[0405/104503.861:WARNING:crash_report_exception_handler.cc(62)] ProcessSnapshotWin::Initialize failed
[0405/104532.280:ERROR:process_reader_win.cc(123)] NtOpenThread: {Access Denied} A process has requested access to an object, but has not been granted those access rights. (0xc0000022)
[0405/104532.282:ERROR:exception_snapshot_win.cc(88)] thread ID 10936 not found in process
[0405/104532.282:WARNING:crash_report_exception_handler.cc(62)] ProcessSnapshotWin::Initialize failed
[0405/105549.930:ERROR:process_reader_win.cc(123)] NtOpenThread: {Access Denied} A process has requested access to an object, but has not been granted those access rights. (0xc0000022)
[0405/105550.130:ERROR:exception_snapshot_win.cc(88)] thread ID 5324 not found in process
[0405/105550.130:WARNING:crash_report_exception_handler.cc(62)] ProcessSnapshotWin::Initialize failed
[0405/105722.540:ERROR:process_reader_win.cc(123)] NtOpenThread: {Access Denied} A process has requested access to an object, but has not been granted those access rights. (0xc0000022)
[0405/105722.540:ERROR:exception_snapshot_win.cc(88)] thread ID 7976 not found in process
[0405/105722.540:WARNING:crash_report_exception_handler.cc(62)] ProcessSnapshotWin::Initialize failed
[0405/105902.157:ERROR:process_reader_win.cc(123)] NtOpenThread: {Access Denied} A process has requested access to an object, but has not been granted those access rights. (0xc0000022)
[0405/105902.159:ERROR:exception_snapshot_win.cc(88)] thread ID 2348 not found in process
[0405/105902.159:WARNING:crash_report_exception_handler.cc(62)] ProcessSnapshotWin::Initialize failed
[0405/110017.340:ERROR:process_reader_win.cc(123)] NtOpenThread: {Access Denied} A process has requested access to an object, but has not been granted those access rights. (0xc0000022)
[0405/110017.340:ERROR:exception_snapshot_win.cc(88)] thread ID 908 not found in process
[0405/110017.340:WARNING:crash_report_exception_handler.cc(62)] ProcessSnapshotWin::Initialize failed
[0405/110432.593:ERROR:process_reader_win.cc(123)] NtOpenThread: {Access Denied} A process has requested access to an object, but has not been granted those access rights. (0xc0000022)
[0405/110432.594:ERROR:exception_snapshot_win.cc(88)] thread ID 10624 not found in process
[0405/110432.594:WARNING:crash_report_exception_handler.cc(62)] ProcessSnapshotWin::Initialize failed
[0405/110900.316:ERROR:process_reader_win.cc(123)] NtOpenThread: {Access Denied} A process has requested access to an object, but has not been granted those access rights. (0xc0000022)
[0405/110900.316:ERROR:exception_snapshot_win.cc(88)] thread ID 7044 not found in process
[0405/110900.316:WARNING:crash_report_exception_handler.cc(62)] ProcessSnapshotWin::Initialize failed
[0405/111012.774:ERROR:process_reader_win.cc(123)] NtOpenThread: {Access Denied} A process has requested access to an object, but has not been granted those access rights. (0xc0000022)
[0405/111012.775:ERROR:exception_snapshot_win.cc(88)] thread ID 1016 not found in process
[0405/111012.775:WARNING:crash_report_exception_handler.cc(62)] ProcessSnapshotWin::Initialize failed
[0405/111158.192:ERROR:process_reader_win.cc(123)] NtOpenThread: {Access Denied} A process has requested access to an object, but has not been granted those access rights. (0xc0000022)
[0405/111158.193:ERROR:exception_snapshot_win.cc(88)] thread ID 7700 not found in process
[0405/111158.193:WARNING:crash_report_exception_handler.cc(62)] ProcessSnapshotWin::Initialize failed
[0405/111328.880:ERROR:process_reader_win.cc(123)] NtOpenThread: {Access Denied} A process has requested access to an object, but has not been granted those access rights. (0xc0000022)
[0405/111328.881:ERROR:exception_snapshot_win.cc(88)] thread ID 12964 not found in process
[0405/111328.881:WARNING:crash_report_exception_handler.cc(62)] ProcessSnapshotWin::Initialize failed
[0405/111906.502:ERROR:process_reader_win.cc(123)] NtOpenThread: {Access Denied} A process has requested access to an object, but has not been granted those access rights. (0xc0000022)
[0405/111906.502:ERROR:exception_snapshot_win.cc(88)] thread ID 8364 not found in process
[0405/111906.502:WARNING:crash_report_exception_handler.cc(62)] ProcessSnapshotWin::Initialize failed
[0405/112035.437:ERROR:process_reader_win.cc(123)] NtOpenThread: {Access Denied} A process has requested access to an object, but has not been granted those access rights. (0xc0000022)
[0405/112035.437:ERROR:exception_snapshot_win.cc(88)] thread ID 12164 not found in process
[0405/112035.437:WARNING:crash_report_exception_handler.cc(62)] ProcessSnapshotWin::Initialize failed
[0405/113711.176:ERROR:process_reader_win.cc(123)] NtOpenThread: {Access Denied} A process has requested access to an object, but has not been granted those access rights. (0xc0000022)
[0405/113711.371:ERROR:exception_snapshot_win.cc(88)] thread ID 7864 not found in process
[0405/113711.371:WARNING:crash_report_exception_handler.cc(62)] ProcessSnapshotWin::Initialize failed
[0405/114350.529:ERROR:process_reader_win.cc(123)] NtOpenThread: {Access Denied} A process has requested access to an object, but has not been granted those access rights. (0xc0000022)
[0405/114350.545:ERROR:exception_snapshot_win.cc(88)] thread ID 8436 not found in process
[0405/114350.545:WARNING:crash_report_exception_handler.cc(62)] ProcessSnapshotWin::Initialize failed
[0405/114432.597:ERROR:process_reader_win.cc(123)] NtOpenThread: {Access Denied} A process has requested access to an object, but has not been granted those access rights. (0xc0000022)
[0405/114432.597:ERROR:exception_snapshot_win.cc(88)] thread ID 9240 not found in process
[0405/114432.597:WARNING:crash_report_exception_handler.cc(62)] ProcessSnapshotWin::Initialize failed
[0405/115312.958:ERROR:process_reader_win.cc(123)] NtOpenThread: {Access Denied} A process has requested access to an object, but has not been granted those access rights. (0xc0000022)
[0405/115313.149:ERROR:exception_snapshot_win.cc(88)] thread ID 5972 not found in process
[0405/115313.149:WARNING:crash_report_exception_handler.cc(62)] ProcessSnapshotWin::Initialize failed
[0405/115646.692:ERROR:process_reader_win.cc(123)] NtOpenThread: {Access Denied} A process has requested access to an object, but has not been granted those access rights. (0xc0000022)
[0405/115646.692:ERROR:exception_snapshot_win.cc(88)] thread ID 3044 not found in process
[0405/115646.692:WARNING:crash_report_exception_handler.cc(62)] ProcessSnapshotWin::Initialize failed
[0405/120902.118:ERROR:process_reader_win.cc(123)] NtOpenThread: {Access Denied} A process has requested access to an object, but has not been granted those access rights. (0xc0000022)
[0405/120902.121:ERROR:exception_snapshot_win.cc(88)] thread ID 1016 not found in process
[0405/120902.121:WARNING:crash_report_exception_handler.cc(62)] ProcessSnapshotWin::Initialize failed
[0405/120912.130:ERROR:process_reader_win.cc(123)] NtOpenThread: {Access Denied} A process has requested access to an object, but has not been granted those access rights. (0xc0000022)
[0405/120912.131:ERROR:exception_snapshot_win.cc(88)] thread ID 7524 not found in process
[0405/120912.131:WARNING:crash_report_exception_handler.cc(62)] ProcessSnapshotWin::Initialize failed
[0405/121030.348:ERROR:process_reader_win.cc(123)] NtOpenThread: {Access Denied} A process has requested access to an object, but has not been granted those access rights. (0xc0000022)
[0405/121030.349:ERROR:exception_snapshot_win.cc(88)] thread ID 8908 not found in process
[0405/121030.350:WARNING:crash_report_exception_handler.cc(62)] ProcessSnapshotWin::Initialize failed
[0405/121153.143:ERROR:process_reader_win.cc(123)] NtOpenThread: {Access Denied} A process has requested access to an object, but has not been granted those access rights. (0xc0000022)
[0405/121153.144:ERROR:exception_snapshot_win.cc(88)] thread ID 12800 not found in process
[0405/121153.144:WARNING:crash_report_exception_handler.cc(62)] ProcessSnapshotWin::Initialize failed
[0405/122156.309:ERROR:process_reader_win.cc(123)] NtOpenThread: {Access Denied} A process has requested access to an object, but has not been granted those access rights. (0xc0000022)
[0405/122156.338:ERROR:exception_snapshot_win.cc(88)] thread ID 13976 not found in process
[0405/122156.338:WARNING:crash_report_exception_handler.cc(62)] ProcessSnapshotWin::Initialize failed
[0405/161536.726:ERROR:process_reader_win.cc(123)] NtOpenThread: {Access Denied} A process has requested access to an object, but has not been granted those access rights. (0xc0000022)
[0405/161536.826:ERROR:exception_snapshot_win.cc(88)] thread ID 6180 not found in process
[0405/161536.826:WARNING:crash_report_exception_handler.cc(62)] ProcessSnapshotWin::Initialize failed
[0405/161654.778:ERROR:process_reader_win.cc(123)] NtOpenThread: {Access Denied} A process has requested access to an object, but has not been granted those access rights. (0xc0000022)
[0405/161654.778:ERROR:exception_snapshot_win.cc(88)] thread ID 9816 not found in process
[0405/161654.778:WARNING:crash_report_exception_handler.cc(62)] ProcessSnapshotWin::Initialize failed
[0405/163025.952:ERROR:process_reader_win.cc(123)] NtOpenThread: {Access Denied} A process has requested access to an object, but has not been granted those access rights. (0xc0000022)
[0405/163025.953:ERROR:exception_snapshot_win.cc(88)] thread ID 8688 not found in process
[0405/163025.953:WARNING:crash_report_exception_handler.cc(62)] ProcessSnapshotWin::Initialize failed
[0405/210542.566:ERROR:process_reader_win.cc(123)] NtOpenThread: {Access Denied} A process has requested access to an object, but has not been granted those access rights. (0xc0000022)
[0405/210542.602:ERROR:exception_snapshot_win.cc(88)] thread ID 4772 not found in process
[0405/210542.602:WARNING:crash_report_exception_handler.cc(62)] ProcessSnapshotWin::Initialize failed
[0405/212331.196:ERROR:process_reader_win.cc(123)] NtOpenThread: {Access Denied} A process has requested access to an object, but has not been granted those access rights. (0xc0000022)
[0405/212331.197:ERROR:exception_snapshot_win.cc(88)] thread ID 4560 not found in process
[0405/212331.197:WARNING:crash_report_exception_handler.cc(62)] ProcessSnapshotWin::Initialize failed
[0405/215957.298:ERROR:process_reader_win.cc(123)] NtOpenThread: {Access Denied} A process has requested access to an object, but has not been granted those access rights. (0xc0000022)
[0405/215957.298:ERROR:exception_snapshot_win.cc(88)] thread ID 7956 not found in process
[0405/215957.298:WARNING:crash_report_exception_handler.cc(62)] ProcessSnapshotWin::Initialize failed
[0405/221922.998:ERROR:process_reader_win.cc(123)] NtOpenThread: {Access Denied} A process has requested access to an object, but has not been granted those access rights. (0xc0000022)
[0405/221922.999:ERROR:exception_snapshot_win.cc(88)] thread ID 9204 not found in process
[0405/221922.999:WARNING:crash_report_exception_handler.cc(62)] ProcessSnapshotWin::Initialize failed
[0405/222155.119:ERROR:process_reader_win.cc(123)] NtOpenThread: {Access Denied} A process has requested access to an object, but has not been granted those access rights. (0xc0000022)
[0405/222155.120:ERROR:exception_snapshot_win.cc(88)] thread ID 8304 not found in process
[0405/222155.120:WARNING:crash_report_exception_handler.cc(62)] ProcessSnapshotWin::Initialize failed
[0405/222533.210:ERROR:process_reader_win.cc(123)] NtOpenThread: {Access Denied} A process has requested access to an object, but has not been granted those access rights. (0xc0000022)
[0405/222533.211:ERROR:exception_snapshot_win.cc(88)] thread ID 9172 not found in process
[0405/222533.211:WARNING:crash_report_exception_handler.cc(62)] ProcessSnapshotWin::Initialize failed
[0406/004815.240:ERROR:process_reader_win.cc(123)] NtOpenThread: {Access Denied} A process has requested access to an object, but has not been granted those access rights. (0xc0000022)
[0406/004815.241:ERROR:exception_snapshot_win.cc(88)] thread ID 10140 not found in process
[0406/004815.241:WARNING:crash_report_exception_handler.cc(62)] ProcessSnapshotWin::Initialize failed
[0406/005127.991:ERROR:process_reader_win.cc(123)] NtOpenThread: {Access Denied} A process has requested access to an object, but has not been granted those access rights. (0xc0000022)
[0406/005127.992:ERROR:exception_snapshot_win.cc(88)] thread ID 6336 not found in process
[0406/005127.992:WARNING:crash_report_exception_handler.cc(62)] ProcessSnapshotWin::Initialize failed
[0406/005356.762:ERROR:process_reader_win.cc(123)] NtOpenThread: {Access Denied} A process has requested access to an object, but has not been granted those access rights. (0xc0000022)
[0406/005356.763:ERROR:exception_snapshot_win.cc(88)] thread ID 6920 not found in process
[0406/005356.763:WARNING:crash_report_exception_handler.cc(62)] ProcessSnapshotWin::Initialize failed
[0406/005646.878:ERROR:process_reader_win.cc(123)] NtOpenThread: {Access Denied} A process has requested access to an object, but has not been granted those access rights. (0xc0000022)
[0406/005646.879:ERROR:exception_snapshot_win.cc(88)] thread ID 9768 not found in process
[0406/005646.879:WARNING:crash_report_exception_handler.cc(62)] ProcessSnapshotWin::Initialize failed
[0406/005704.344:ERROR:process_reader_win.cc(123)] NtOpenThread: {Access Denied} A process has requested access to an object, but has not been granted those access rights. (0xc0000022)
[0406/005704.345:ERROR:exception_snapshot_win.cc(88)] thread ID 8784 not found in process
[0406/005704.345:WARNING:crash_report_exception_handler.cc(62)] ProcessSnapshotWin::Initialize failed
[0406/010607.404:ERROR:process_reader_win.cc(123)] NtOpenThread: {Access Denied} A process has requested access to an object, but has not been granted those access rights. (0xc0000022)
[0406/010607.481:ERROR:exception_snapshot_win.cc(88)] thread ID 9968 not found in process
[0406/010607.481:WARNING:crash_report_exception_handler.cc(62)] ProcessSnapshotWin::Initialize failed
[0406/010714.479:ERROR:process_reader_win.cc(123)] NtOpenThread: {Access Denied} A process has requested access to an object, but has not been granted those access rights. (0xc0000022)
[0406/010714.481:ERROR:exception_snapshot_win.cc(88)] thread ID 11968 not found in process
[0406/010714.481:WARNING:crash_report_exception_handler.cc(62)] ProcessSnapshotWin::Initialize failed
[0406/012011.826:ERROR:process_reader_win.cc(123)] NtOpenThread: {Access Denied} A process has requested access to an object, but has not been granted those access rights. (0xc0000022)
[0406/012011.829:ERROR:exception_snapshot_win.cc(88)] thread ID 5160 not found in process
[0406/012011.829:WARNING:crash_report_exception_handler.cc(62)] ProcessSnapshotWin::Initialize failed
[0406/012052.474:ERROR:process_reader_win.cc(123)] NtOpenThread: {Access Denied} A process has requested access to an object, but has not been granted those access rights. (0xc0000022)
[0406/012052.475:ERROR:exception_snapshot_win.cc(88)] thread ID 168 not found in process
[0406/012052.475:WARNING:crash_report_exception_handler.cc(62)] ProcessSnapshotWin::Initialize failed
[0406/012431.780:ERROR:process_reader_win.cc(123)] NtOpenThread: {Access Denied} A process has requested access to an object, but has not been granted those access rights. (0xc0000022)
[0406/012431.781:ERROR:exception_snapshot_win.cc(88)] thread ID 2644 not found in process
[0406/012431.781:WARNING:crash_report_exception_handler.cc(62)] ProcessSnapshotWin::Initialize failed
[0406/020935.390:ERROR:process_reader_win.cc(123)] NtOpenThread: {Access Denied} A process has requested access to an object, but has not been granted those access rights. (0xc0000022)
[0406/020935.391:ERROR:exception_snapshot_win.cc(88)] thread ID 5372 not found in process
[0406/020935.391:WARNING:crash_report_exception_handler.cc(62)] ProcessSnapshotWin::Initialize failed
[0406/021040.395:ERROR:process_reader_win.cc(123)] NtOpenThread: {Access Denied} A process has requested access to an object, but has not been granted those access rights. (0xc0000022)
[0406/021040.396:ERROR:exception_snapshot_win.cc(88)] thread ID 10544 not found in process
[0406/021040.397:WARNING:crash_report_exception_handler.cc(62)] ProcessSnapshotWin::Initialize failed
[0406/021306.159:ERROR:process_reader_win.cc(123)] NtOpenThread: {Access Denied} A process has requested access to an object, but has not been granted those access rights. (0xc0000022)
[0406/021306.160:ERROR:exception_snapshot_win.cc(88)] thread ID 6560 not found in process
[0406/021306.160:WARNING:crash_report_exception_handler.cc(62)] ProcessSnapshotWin::Initialize failed
[0406/021529.343:ERROR:process_reader_win.cc(123)] NtOpenThread: {Access Denied} A process has requested access to an object, but has not been granted those access rights. (0xc0000022)
[0406/021529.344:ERROR:exception_snapshot_win.cc(88)] thread ID 11608 not found in process
[0406/021529.344:WARNING:crash_report_exception_handler.cc(62)] ProcessSnapshotWin::Initialize failed
[0406/111029.560:ERROR:process_reader_win.cc(123)] NtOpenThread: {Access Denied} A process has requested access to an object, but has not been granted those access rights. (0xc0000022)
[0406/111029.639:ERROR:exception_snapshot_win.cc(88)] thread ID 8496 not found in process
[0406/111029.639:WARNING:crash_report_exception_handler.cc(62)] ProcessSnapshotWin::Initialize failed
[0406/191045.476:ERROR:process_reader_win.cc(123)] NtOpenThread: {Access Denied} A process has requested access to an object, but has not been granted those access rights. (0xc0000022)
[0406/191045.512:ERROR:exception_snapshot_win.cc(88)] thread ID 10448 not found in process
[0406/191045.512:WARNING:crash_report_exception_handler.cc(62)] ProcessSnapshotWin::Initialize failed
[0406/191406.909:ERROR:process_reader_win.cc(123)] NtOpenThread: {Access Denied} A process has requested access to an object, but has not been granted those access rights. (0xc0000022)
[0406/191406.910:ERROR:exception_snapshot_win.cc(88)] thread ID 4200 not found in process
[0406/191406.910:WARNING:crash_report_exception_handler.cc(62)] ProcessSnapshotWin::Initialize failed
[0406/191734.914:ERROR:process_reader_win.cc(123)] NtOpenThread: {Access Denied} A process has requested access to an object, but has not been granted those access rights. (0xc0000022)
[0406/191734.915:ERROR:exception_snapshot_win.cc(88)] thread ID 10808 not found in process
[0406/191734.915:WARNING:crash_report_exception_handler.cc(62)] ProcessSnapshotWin::Initialize failed
[0406/191854.309:ERROR:process_reader_win.cc(123)] NtOpenThread: {Access Denied} A process has requested access to an object, but has not been granted those access rights. (0xc0000022)
[0406/191854.312:ERROR:exception_snapshot_win.cc(88)] thread ID 9988 not found in process
[0406/191854.312:WARNING:crash_report_exception_handler.cc(62)] ProcessSnapshotWin::Initialize failed
[0406/192109.739:ERROR:process_reader_win.cc(123)] NtOpenThread: {Access Denied} A process has requested access to an object, but has not been granted those access rights. (0xc0000022)
[0406/192109.741:ERROR:exception_snapshot_win.cc(88)] thread ID 9624 not found in process
[0406/192109.741:WARNING:crash_report_exception_handler.cc(62)] ProcessSnapshotWin::Initialize failed
[0406/192251.468:ERROR:process_reader_win.cc(123)] NtOpenThread: {Access Denied} A process has requested access to an object, but has not been granted those access rights. (0xc0000022)
[0406/192251.470:ERROR:exception_snapshot_win.cc(88)] thread ID 5104 not found in process
[0406/192251.470:WARNING:crash_report_exception_handler.cc(62)] ProcessSnapshotWin::Initialize failed
[0406/192614.937:ERROR:process_reader_win.cc(123)] NtOpenThread: {Access Denied} A process has requested access to an object, but has not been granted those access rights. (0xc0000022)
[0406/192614.938:ERROR:exception_snapshot_win.cc(88)] thread ID 836 not found in process
[0406/192614.938:WARNING:crash_report_exception_handler.cc(62)] ProcessSnapshotWin::Initialize failed
[0410/205300.693:ERROR:process_reader_win.cc(123)] NtOpenThread: {Access Denied} A process has requested access to an object, but has not been granted those access rights. (0xc0000022)
[0410/205300.730:ERROR:exception_snapshot_win.cc(88)] thread ID 10104 not found in process
[0410/205300.730:WARNING:crash_report_exception_handler.cc(62)] ProcessSnapshotWin::Initialize failed
[0410/205447.815:ERROR:process_reader_win.cc(123)] NtOpenThread: {Access Denied} A process has requested access to an object, but has not been granted those access rights. (0xc0000022)
[0410/205447.816:ERROR:exception_snapshot_win.cc(88)] thread ID 1048 not found in process
[0410/205447.816:WARNING:crash_report_exception_handler.cc(62)] ProcessSnapshotWin::Initialize failed
[0410/205519.650:ERROR:process_reader_win.cc(123)] NtOpenThread: {Access Denied} A process has requested access to an object, but has not been granted those access rights. (0xc0000022)
[0410/205519.652:ERROR:exception_snapshot_win.cc(88)] thread ID 8424 not found in process
[0410/205519.652:WARNING:crash_report_exception_handler.cc(62)] ProcessSnapshotWin::Initialize failed
[0410/205937.332:ERROR:process_reader_win.cc(123)] NtOpenThread: {Access Denied} A process has requested access to an object, but has not been granted those access rights. (0xc0000022)
[0410/205937.334:ERROR:exception_snapshot_win.cc(88)] thread ID 11052 not found in process
[0410/205937.334:WARNING:crash_report_exception_handler.cc(62)] ProcessSnapshotWin::Initialize failed
[0410/205940.336:ERROR:process_reader_win.cc(123)] NtOpenThread: {Access Denied} A process has requested access to an object, but has not been granted those access rights. (0xc0000022)
[0410/205940.338:ERROR:exception_snapshot_win.cc(88)] thread ID 9964 not found in process
[0410/205940.338:WARNING:crash_report_exception_handler.cc(62)] ProcessSnapshotWin::Initialize failed
[0410/210124.912:ERROR:process_reader_win.cc(123)] NtOpenThread: {Access Denied} A process has requested access to an object, but has not been granted those access rights. (0xc0000022)
[0410/210124.914:ERROR:exception_snapshot_win.cc(88)] thread ID 1404 not found in process
[0410/210124.914:WARNING:crash_report_exception_handler.cc(62)] ProcessSnapshotWin::Initialize failed
[0410/210202.515:ERROR:process_reader_win.cc(123)] NtOpenThread: {Access Denied} A process has requested access to an object, but has not been granted those access rights. (0xc0000022)
[0410/210202.516:ERROR:exception_snapshot_win.cc(88)] thread ID 7152 not found in process
[0410/210202.516:WARNING:crash_report_exception_handler.cc(62)] ProcessSnapshotWin::Initialize failed
[0410/214242.339:ERROR:process_reader_win.cc(123)] NtOpenThread: {Access Denied} A process has requested access to an object, but has not been granted those access rights. (0xc0000022)
[0410/214242.341:ERROR:exception_snapshot_win.cc(88)] thread ID 872 not found in process
[0410/214242.341:WARNING:crash_report_exception_handler.cc(62)] ProcessSnapshotWin::Initialize failed
[0410/214716.787:ERROR:process_reader_win.cc(123)] NtOpenThread: {Access Denied} A process has requested access to an object, but has not been granted those access rights. (0xc0000022)
[0410/214716.789:ERROR:exception_snapshot_win.cc(88)] thread ID 4852 not found in process
[0410/214716.789:WARNING:crash_report_exception_handler.cc(62)] ProcessSnapshotWin::Initialize failed
[0410/215215.572:ERROR:process_reader_win.cc(123)] NtOpenThread: {Access Denied} A process has requested access to an object, but has not been granted those access rights. (0xc0000022)
[0410/215215.574:ERROR:exception_snapshot_win.cc(88)] thread ID 5748 not found in process
[0410/215215.574:WARNING:crash_report_exception_handler.cc(62)] ProcessSnapshotWin::Initialize failed
[0410/215408.987:ERROR:process_reader_win.cc(123)] NtOpenThread: {Access Denied} A process has requested access to an object, but has not been granted those access rights. (0xc0000022)
[0410/215408.989:ERROR:exception_snapshot_win.cc(88)] thread ID 10132 not found in process
[0410/215408.989:WARNING:crash_report_exception_handler.cc(62)] ProcessSnapshotWin::Initialize failed
[0410/215442.694:ERROR:process_reader_win.cc(123)] NtOpenThread: {Access Denied} A process has requested access to an object, but has not been granted those access rights. (0xc0000022)
[0410/215442.696:ERROR:exception_snapshot_win.cc(88)] thread ID 9812 not found in process
[0410/215442.696:WARNING:crash_report_exception_handler.cc(62)] ProcessSnapshotWin::Initialize failed
[0424/180347.186:ERROR:process_reader_win.cc(123)] NtOpenThread: {Access Denied} A process has requested access to an object, but has not been granted those access rights. (0xc0000022)
[0424/180347.273:ERROR:exception_snapshot_win.cc(88)] thread ID 3724 not found in process
[0424/180347.273:WARNING:crash_report_exception_handler.cc(62)] ProcessSnapshotWin::Initialize failed
[0424/182656.777:ERROR:process_reader_win.cc(123)] NtOpenThread: {Access Denied} A process has requested access to an object, but has not been granted those access rights. (0xc0000022)
[0424/182656.779:ERROR:exception_snapshot_win.cc(88)] thread ID 5560 not found in process
[0424/182656.779:WARNING:crash_report_exception_handler.cc(62)] ProcessSnapshotWin::Initialize failed
[0503/113351.608:ERROR:process_reader_win.cc(123)] NtOpenThread: {Access Denied} A process has requested access to an object, but has not been granted those access rights. (0xc0000022)
[0503/113351.686:ERROR:exception_snapshot_win.cc(88)] thread ID 10792 not found in process
[0503/113351.686:WARNING:crash_report_exception_handler.cc(62)] ProcessSnapshotWin::Initialize failed
[0503/113527.946:ERROR:process_reader_win.cc(123)] NtOpenThread: {Access Denied} A process has requested access to an object, but has not been granted those access rights. (0xc0000022)
[0503/113527.948:ERROR:exception_snapshot_win.cc(88)] thread ID 6908 not found in process
[0503/113527.948:WARNING:crash_report_exception_handler.cc(62)] ProcessSnapshotWin::Initialize failed
[0503/114055.614:ERROR:process_reader_win.cc(123)] NtOpenThread: {Access Denied} A process has requested access to an object, but has not been granted those access rights. (0xc0000022)
[0503/114055.614:ERROR:exception_snapshot_win.cc(88)] thread ID 6232 not found in process
[0503/114055.614:WARNING:crash_report_exception_handler.cc(62)] ProcessSnapshotWin::Initialize failed
[0503/171148.002:ERROR:process_reader_win.cc(151)] SuspendThread: Access is denied. (0x5)
[0503/171148.030:ERROR:process_reader_win.cc(123)] NtOpenThread: {Access Denied} A process has requested access to an object, but has not been granted those access rights. (0xc0000022)
[0503/171148.030:ERROR:exception_snapshot_win.cc(88)] thread ID 10748 not found in process
[0503/171148.030:WARNING:crash_report_exception_handler.cc(62)] ProcessSnapshotWin::Initialize failed
[0503/172632.079:ERROR:process_reader_win.cc(123)] NtOpenThread: {Access Denied} A process has requested access to an object, but has not been granted those access rights. (0xc0000022)
[0503/172632.080:ERROR:exception_snapshot_win.cc(88)] thread ID 8868 not found in process
[0503/172632.080:WARNING:crash_report_exception_handler.cc(62)] ProcessSnapshotWin::Initialize failed
[0503/172844.616:ERROR:process_reader_win.cc(123)] NtOpenThread: {Access Denied} A process has requested access to an object, but has not been granted those access rights. (0xc0000022)
[0503/172844.617:ERROR:exception_snapshot_win.cc(88)] thread ID 11656 not found in process
[0503/172844.617:WARNING:crash_report_exception_handler.cc(62)] ProcessSnapshotWin::Initialize failed
[0503/172920.088:ERROR:process_reader_win.cc(123)] NtOpenThread: {Access Denied} A process has requested access to an object, but has not been granted those access rights. (0xc0000022)
[0503/172920.089:ERROR:exception_snapshot_win.cc(88)] thread ID 11036 not found in process
[0503/172920.089:WARNING:crash_report_exception_handler.cc(62)] ProcessSnapshotWin::Initialize failed
[0504/095428.778:ERROR:process_reader_win.cc(123)] NtOpenThread: {Access Denied} A process has requested access to an object, but has not been granted those access rights. (0xc0000022)
[0504/095428.812:ERROR:exception_snapshot_win.cc(88)] thread ID 10632 not found in process
[0504/095428.812:WARNING:crash_report_exception_handler.cc(62)] ProcessSnapshotWin::Initialize failed
[0504/100019.215:ERROR:process_reader_win.cc(123)] NtOpenThread: {Access Denied} A process has requested access to an object, but has not been granted those access rights. (0xc0000022)
[0504/100019.216:ERROR:exception_snapshot_win.cc(88)] thread ID 8996 not found in process
[0504/100019.216:WARNING:crash_report_exception_handler.cc(62)] ProcessSnapshotWin::Initialize failed
[0504/101630.319:ERROR:process_reader_win.cc(123)] NtOpenThread: {Access Denied} A process has requested access to an object, but has not been granted those access rights. (0xc0000022)
[0504/101630.321:ERROR:exception_snapshot_win.cc(88)] thread ID 1908 not found in process
[0504/101630.321:WARNING:crash_report_exception_handler.cc(62)] ProcessSnapshotWin::Initialize failed
[0504/112608.186:ERROR:process_reader_win.cc(151)] SuspendThread: Access is denied. (0x5)
[0504/112608.352:ERROR:process_reader_win.cc(123)] NtOpenThread: {Access Denied} A process has requested access to an object, but has not been granted those access rights. (0xc0000022)
[0504/112608.352:ERROR:exception_snapshot_win.cc(88)] thread ID 2372 not found in process
[0504/112608.352:WARNING:crash_report_exception_handler.cc(62)] ProcessSnapshotWin::Initialize failed
[0504/113242.048:ERROR:process_reader_win.cc(123)] NtOpenThread: {Access Denied} A process has requested access to an object, but has not been granted those access rights. (0xc0000022)
[0504/113242.049:ERROR:exception_snapshot_win.cc(88)] thread ID 11840 not found in process
[0504/113242.049:WARNING:crash_report_exception_handler.cc(62)] ProcessSnapshotWin::Initialize failed
[0504/114422.396:ERROR:process_reader_win.cc(123)] NtOpenThread: {Access Denied} A process has requested access to an object, but has not been granted those access rights. (0xc0000022)
[0504/114422.396:ERROR:exception_snapshot_win.cc(88)] thread ID 8460 not found in process
[0504/114422.396:WARNING:crash_report_exception_handler.cc(62)] ProcessSnapshotWin::Initialize failed
[0504/120621.176:ERROR:process_reader_win.cc(123)] NtOpenThread: {Access Denied} A process has requested access to an object, but has not been granted those access rights. (0xc0000022)
[0504/120621.176:ERROR:exception_snapshot_win.cc(88)] thread ID 12512 not found in process
[0504/120621.176:WARNING:crash_report_exception_handler.cc(62)] ProcessSnapshotWin::Initialize failed
[0504/120624.346:ERROR:process_reader_win.cc(123)] NtOpenThread: {Access Denied} A process has requested access to an object, but has not been granted those access rights. (0xc0000022)
[0504/120624.362:ERROR:exception_snapshot_win.cc(88)] thread ID 10328 not found in process
[0504/120624.362:WARNING:crash_report_exception_handler.cc(62)] ProcessSnapshotWin::Initialize failed
[0510/190819.831:ERROR:process_reader_win.cc(123)] NtOpenThread: {Access Denied} A process has requested access to an object, but has not been granted those access rights. (0xc0000022)
[0510/190819.862:ERROR:exception_snapshot_win.cc(88)] thread ID 8436 not found in process
[0510/190819.862:WARNING:crash_report_exception_handler.cc(62)] ProcessSnapshotWin::Initialize failed
[0513/232157.807:ERROR:process_reader_win.cc(123)] NtOpenThread: {Access Denied} A process has requested access to an object, but has not been granted those access rights. (0xc0000022)
[0513/232157.870:ERROR:exception_snapshot_win.cc(88)] thread ID 296 not found in process
[0513/232157.870:WARNING:crash_report_exception_handler.cc(62)] ProcessSnapshotWin::Initialize failed
[0513/232835.396:ERROR:process_reader_win.cc(123)] NtOpenThread: {Access Denied} A process has requested access to an object, but has not been granted those access rights. (0xc0000022)
[0513/232835.398:ERROR:exception_snapshot_win.cc(88)] thread ID 1584 not found in process
[0513/232835.398:WARNING:crash_report_exception_handler.cc(62)] ProcessSnapshotWin::Initialize failed
[0513/232916.188:ERROR:process_reader_win.cc(123)] NtOpenThread: {Access Denied} A process has requested access to an object, but has not been granted those access rights. (0xc0000022)
[0513/232916.191:ERROR:exception_snapshot_win.cc(88)] thread ID 8520 not found in process
[0513/232916.191:WARNING:crash_report_exception_handler.cc(62)] ProcessSnapshotWin::Initialize failed
[0514/000029.416:ERROR:process_reader_win.cc(123)] NtOpenThread: {Access Denied} A process has requested access to an object, but has not been granted those access rights. (0xc0000022)
[0514/000029.417:ERROR:exception_snapshot_win.cc(88)] thread ID 4156 not found in process
[0514/000029.417:WARNING:crash_report_exception_handler.cc(62)] ProcessSnapshotWin::Initialize failed
[0514/000415.393:ERROR:process_reader_win.cc(123)] NtOpenThread: {Access Denied} A process has requested access to an object, but has not been granted those access rights. (0xc0000022)
[0514/000415.394:ERROR:exception_snapshot_win.cc(88)] thread ID 5092 not found in process
[0514/000415.394:WARNING:crash_report_exception_handler.cc(62)] ProcessSnapshotWin::Initialize failed
[0514/000646.454:ERROR:process_reader_win.cc(123)] NtOpenThread: {Access Denied} A process has requested access to an object, but has not been granted those access rights. (0xc0000022)
[0514/000646.456:ERROR:exception_snapshot_win.cc(88)] thread ID 9160 not found in process
[0514/000646.456:WARNING:crash_report_exception_handler.cc(62)] ProcessSnapshotWin::Initialize failed
[0514/000841.469:ERROR:process_reader_win.cc(123)] NtOpenThread: {Access Denied} A process has requested access to an object, but has not been granted those access rights. (0xc0000022)
[0514/000841.470:ERROR:exception_snapshot_win.cc(88)] thread ID 3936 not found in process
[0514/000841.470:WARNING:crash_report_exception_handler.cc(62)] ProcessSnapshotWin::Initialize failed
[0514/001358.342:ERROR:process_reader_win.cc(123)] NtOpenThread: {Access Denied} A process has requested access to an object, but has not been granted those access rights. (0xc0000022)
[0514/001358.343:ERROR:exception_snapshot_win.cc(88)] thread ID 4584 not found in process
[0514/001358.343:WARNING:crash_report_exception_handler.cc(62)] ProcessSnapshotWin::Initialize failed
[0514/005657.239:ERROR:process_reader_win.cc(123)] NtOpenThread: {Access Denied} A process has requested access to an object, but has not been granted those access rights. (0xc0000022)
[0514/005657.240:ERROR:exception_snapshot_win.cc(88)] thread ID 6056 not found in process
[0514/005657.240:WARNING:crash_report_exception_handler.cc(62)] ProcessSnapshotWin::Initialize failed
[0514/005753.143:ERROR:process_reader_win.cc(123)] NtOpenThread: {Access Denied} A process has requested access to an object, but has not been granted those access rights. (0xc0000022)
[0514/005753.145:ERROR:exception_snapshot_win.cc(88)] thread ID 5948 not found in process
[0514/005753.145:WARNING:crash_report_exception_handler.cc(62)] ProcessSnapshotWin::Initialize failed
[0514/005845.510:ERROR:process_reader_win.cc(123)] NtOpenThread: {Access Denied} A process has requested access to an object, but has not been granted those access rights. (0xc0000022)
[0514/005845.511:ERROR:exception_snapshot_win.cc(88)] thread ID 6864 not found in process
[0514/005845.511:WARNING:crash_report_exception_handler.cc(62)] ProcessSnapshotWin::Initialize failed
[0514/010032.764:ERROR:process_reader_win.cc(123)] NtOpenThread: {Access Denied} A process has requested access to an object, but has not been granted those access rights. (0xc0000022)
[0514/010032.765:ERROR:exception_snapshot_win.cc(88)] thread ID 736 not found in process
[0514/010032.765:WARNING:crash_report_exception_handler.cc(62)] ProcessSnapshotWin::Initialize failed
[0514/010403.286:ERROR:process_reader_win.cc(123)] NtOpenThread: {Access Denied} A process has requested access to an object, but has not been granted those access rights. (0xc0000022)
[0514/010403.288:ERROR:exception_snapshot_win.cc(88)] thread ID 10704 not found in process
[0514/010403.288:WARNING:crash_report_exception_handler.cc(62)] ProcessSnapshotWin::Initialize failed
[0514/010959.638:ERROR:process_reader_win.cc(123)] NtOpenThread: {Access Denied} A process has requested access to an object, but has not been granted those access rights. (0xc0000022)
[0514/010959.640:ERROR:exception_snapshot_win.cc(88)] thread ID 12356 not found in process
[0514/010959.640:WARNING:crash_report_exception_handler.cc(62)] ProcessSnapshotWin::Initialize failed
[0514/022858.335:ERROR:process_reader_win.cc(123)] NtOpenThread: {Access Denied} A process has requested access to an object, but has not been granted those access rights. (0xc0000022)
[0514/022858.357:ERROR:exception_snapshot_win.cc(88)] thread ID 9740 not found in process
[0514/022858.358:WARNING:crash_report_exception_handler.cc(62)] ProcessSnapshotWin::Initialize failed
[0514/100642.948:ERROR:process_reader_win.cc(123)] NtOpenThread: {Access Denied} A process has requested access to an object, but has not been granted those access rights. (0xc0000022)
[0514/100643.155:ERROR:exception_snapshot_win.cc(88)] thread ID 13992 not found in process
[0514/100643.155:WARNING:crash_report_exception_handler.cc(62)] ProcessSnapshotWin::Initialize failed
[0514/220149.546:ERROR:process_reader_win.cc(123)] NtOpenThread: {Access Denied} A process has requested access to an object, but has not been granted those access rights. (0xc0000022)
[0514/220149.589:ERROR:exception_snapshot_win.cc(88)] thread ID 7708 not found in process
[0514/220149.589:WARNING:crash_report_exception_handler.cc(62)] ProcessSnapshotWin::Initialize failed
[0514/222813.395:ERROR:process_reader_win.cc(123)] NtOpenThread: {Access Denied} A process has requested access to an object, but has not been granted those access rights. (0xc0000022)
[0514/222813.397:ERROR:exception_snapshot_win.cc(88)] thread ID 4928 not found in process
[0514/222813.397:WARNING:crash_report_exception_handler.cc(62)] ProcessSnapshotWin::Initialize failed
[0514/222850.541:ERROR:process_reader_win.cc(123)] NtOpenThread: {Access Denied} A process has requested access to an object, but has not been granted those access rights. (0xc0000022)
[0514/222850.542:ERROR:exception_snapshot_win.cc(88)] thread ID 12720 not found in process
[0514/222850.542:WARNING:crash_report_exception_handler.cc(62)] ProcessSnapshotWin::Initialize failed
[0514/223537.594:ERROR:process_reader_win.cc(123)] NtOpenThread: {Access Denied} A process has requested access to an object, but has not been granted those access rights. (0xc0000022)
[0514/223537.596:ERROR:exception_snapshot_win.cc(88)] thread ID 6584 not found in process
[0514/223537.596:WARNING:crash_report_exception_handler.cc(62)] ProcessSnapshotWin::Initialize failed
[0514/235244.811:ERROR:process_reader_win.cc(123)] NtOpenThread: {Access Denied} A process has requested access to an object, but has not been granted those access rights. (0xc0000022)
[0514/235244.812:ERROR:exception_snapshot_win.cc(88)] thread ID 2640 not found in process
[0514/235244.813:WARNING:crash_report_exception_handler.cc(62)] ProcessSnapshotWin::Initialize failed
[0515/001955.560:ERROR:process_reader_win.cc(123)] NtOpenThread: {Access Denied} A process has requested access to an object, but has not been granted those access rights. (0xc0000022)
[0515/001955.561:ERROR:exception_snapshot_win.cc(88)] thread ID 8188 not found in process
[0515/001955.561:WARNING:crash_report_exception_handler.cc(62)] ProcessSnapshotWin::Initialize failed
[0515/002356.651:ERROR:process_reader_win.cc(123)] NtOpenThread: {Access Denied} A process has requested access to an object, but has not been granted those access rights. (0xc0000022)
[0515/002356.653:ERROR:exception_snapshot_win.cc(88)] thread ID 6768 not found in process
[0515/002356.653:WARNING:crash_report_exception_handler.cc(62)] ProcessSnapshotWin::Initialize failed
[0515/010823.500:ERROR:process_reader_win.cc(123)] NtOpenThread: {Access Denied} A process has requested access to an object, but has not been granted those access rights. (0xc0000022)
[0515/010823.501:ERROR:exception_snapshot_win.cc(88)] thread ID 12720 not found in process
[0515/010823.501:WARNING:crash_report_exception_handler.cc(62)] ProcessSnapshotWin::Initialize failed
[0515/011729.063:ERROR:process_reader_win.cc(123)] NtOpenThread: {Access Denied} A process has requested access to an object, but has not been granted those access rights. (0xc0000022)
[0515/011729.064:ERROR:exception_snapshot_win.cc(88)] thread ID 12768 not found in process
[0515/011729.064:WARNING:crash_report_exception_handler.cc(62)] ProcessSnapshotWin::Initialize failed
[0515/011810.396:ERROR:process_reader_win.cc(123)] NtOpenThread: {Access Denied} A process has requested access to an object, but has not been granted those access rights. (0xc0000022)
[0515/011810.397:ERROR:exception_snapshot_win.cc(88)] thread ID 8264 not found in process
[0515/011810.398:WARNING:crash_report_exception_handler.cc(62)] ProcessSnapshotWin::Initialize failed
[0515/012058.347:ERROR:process_reader_win.cc(123)] NtOpenThread: {Access Denied} A process has requested access to an object, but has not been granted those access rights. (0xc0000022)
[0515/012058.348:ERROR:exception_snapshot_win.cc(88)] thread ID 4844 not found in process
[0515/012058.348:WARNING:crash_report_exception_handler.cc(62)] ProcessSnapshotWin::Initialize failed
[0515/012244.868:ERROR:process_reader_win.cc(123)] NtOpenThread: {Access Denied} A process has requested access to an object, but has not been granted those access rights. (0xc0000022)
[0515/012244.869:ERROR:exception_snapshot_win.cc(88)] thread ID 6476 not found in process
[0515/012244.869:WARNING:crash_report_exception_handler.cc(62)] ProcessSnapshotWin::Initialize failed
[0515/012421.584:ERROR:process_reader_win.cc(123)] NtOpenThread: {Access Denied} A process has requested access to an object, but has not been granted those access rights. (0xc0000022)
[0515/012421.585:ERROR:exception_snapshot_win.cc(88)] thread ID 3796 not found in process
[0515/012421.585:WARNING:crash_report_exception_handler.cc(62)] ProcessSnapshotWin::Initialize failed
[0515/014722.460:ERROR:process_reader_win.cc(123)] NtOpenThread: {Access Denied} A process has requested access to an object, but has not been granted those access rights. (0xc0000022)
[0515/014722.461:ERROR:exception_snapshot_win.cc(88)] thread ID 14084 not found in process
[0515/014722.461:WARNING:crash_report_exception_handler.cc(62)] ProcessSnapshotWin::Initialize failed
[0515/014815.688:ERROR:process_reader_win.cc(123)] NtOpenThread: {Access Denied} A process has requested access to an object, but has not been granted those access rights. (0xc0000022)
[0515/014815.689:ERROR:exception_snapshot_win.cc(88)] thread ID 13416 not found in process
[0515/014815.689:WARNING:crash_report_exception_handler.cc(62)] ProcessSnapshotWin::Initialize failed
[0515/021535.479:ERROR:process_reader_win.cc(123)] NtOpenThread: {Access Denied} A process has requested access to an object, but has not been granted those access rights. (0xc0000022)
[0515/021535.481:ERROR:exception_snapshot_win.cc(88)] thread ID 13544 not found in process
[0515/021535.481:WARNING:crash_report_exception_handler.cc(62)] ProcessSnapshotWin::Initialize failed
[0515/021626.433:ERROR:process_reader_win.cc(123)] NtOpenThread: {Access Denied} A process has requested access to an object, but has not been granted those access rights. (0xc0000022)
[0515/021626.434:ERROR:exception_snapshot_win.cc(88)] thread ID 14328 not found in process
[0515/021626.434:WARNING:crash_report_exception_handler.cc(62)] ProcessSnapshotWin::Initialize failed
[0515/021650.316:ERROR:process_reader_win.cc(123)] NtOpenThread: {Access Denied} A process has requested access to an object, but has not been granted those access rights. (0xc0000022)
[0515/021650.318:ERROR:exception_snapshot_win.cc(88)] thread ID 4272 not found in process
[0515/021650.318:WARNING:crash_report_exception_handler.cc(62)] ProcessSnapshotWin::Initialize failed
[0517/145602.060:ERROR:process_reader_win.cc(123)] NtOpenThread: {Access Denied} A process has requested access to an object, but has not been granted those access rights. (0xc0000022)
[0517/145602.097:ERROR:exception_snapshot_win.cc(88)] thread ID 12516 not found in process
[0517/145602.097:WARNING:crash_report_exception_handler.cc(62)] ProcessSnapshotWin::Initialize failed
[0517/150833.144:ERROR:process_reader_win.cc(123)] NtOpenThread: {Access Denied} A process has requested access to an object, but has not been granted those access rights. (0xc0000022)
[0517/150833.146:ERROR:exception_snapshot_win.cc(88)] thread ID 12812 not found in process
[0517/150833.146:WARNING:crash_report_exception_handler.cc(62)] ProcessSnapshotWin::Initialize failed
[0517/151257.804:ERROR:process_reader_win.cc(123)] NtOpenThread: {Access Denied} A process has requested access to an object, but has not been granted those access rights. (0xc0000022)
[0517/151257.805:ERROR:exception_snapshot_win.cc(88)] thread ID 6052 not found in process
[0517/151257.805:WARNING:crash_report_exception_handler.cc(62)] ProcessSnapshotWin::Initialize failed
[0517/223141.247:ERROR:process_reader_win.cc(123)] NtOpenThread: {Access Denied} A process has requested access to an object, but has not been granted those access rights. (0xc0000022)
[0517/223141.263:ERROR:exception_snapshot_win.cc(88)] thread ID 252 not found in process
[0517/223141.263:WARNING:crash_report_exception_handler.cc(62)] ProcessSnapshotWin::Initialize failed
[0517/231915.332:ERROR:process_reader_win.cc(123)] NtOpenThread: {Access Denied} A process has requested access to an object, but has not been granted those access rights. (0xc0000022)
[0517/231915.364:ERROR:exception_snapshot_win.cc(88)] thread ID 252 not found in process
[0517/231915.364:WARNING:crash_report_exception_handler.cc(62)] ProcessSnapshotWin::Initialize failed
[0517/233114.247:ERROR:process_reader_win.cc(123)] NtOpenThread: {Access Denied} A process has requested access to an object, but has not been granted those access rights. (0xc0000022)
[0517/233114.248:ERROR:exception_snapshot_win.cc(88)] thread ID 5036 not found in process
[0517/233114.248:WARNING:crash_report_exception_handler.cc(62)] ProcessSnapshotWin::Initialize failed
[0517/233207.609:ERROR:process_reader_win.cc(123)] NtOpenThread: {Access Denied} A process has requested access to an object, but has not been granted those access rights. (0xc0000022)
[0517/233207.611:ERROR:exception_snapshot_win.cc(88)] thread ID 6420 not found in process
[0517/233207.611:WARNING:crash_report_exception_handler.cc(62)] ProcessSnapshotWin::Initialize failed
[0517/233942.703:ERROR:process_reader_win.cc(123)] NtOpenThread: {Access Denied} A process has requested access to an object, but has not been granted those access rights. (0xc0000022)
[0517/233942.703:ERROR:exception_snapshot_win.cc(88)] thread ID 7264 not found in process
[0517/233942.703:WARNING:crash_report_exception_handler.cc(62)] ProcessSnapshotWin::Initialize failed
[0517/234110.948:ERROR:process_reader_win.cc(123)] NtOpenThread: {Access Denied} A process has requested access to an object, but has not been granted those access rights. (0xc0000022)
[0517/234110.950:ERROR:exception_snapshot_win.cc(88)] thread ID 4400 not found in process
[0517/234110.950:WARNING:crash_report_exception_handler.cc(62)] ProcessSnapshotWin::Initialize failed
[0517/234305.239:ERROR:process_reader_win.cc(123)] NtOpenThread: {Access Denied} A process has requested access to an object, but has not been granted those access rights. (0xc0000022)
[0517/234305.241:ERROR:exception_snapshot_win.cc(88)] thread ID 3444 not found in process
[0517/234305.241:WARNING:crash_report_exception_handler.cc(62)] ProcessSnapshotWin::Initialize failed
[0517/234536.896:ERROR:process_reader_win.cc(123)] NtOpenThread: {Access Denied} A process has requested access to an object, but has not been granted those access rights. (0xc0000022)
[0517/234536.897:ERROR:exception_snapshot_win.cc(88)] thread ID 10340 not found in process
[0517/234536.897:WARNING:crash_report_exception_handler.cc(62)] ProcessSnapshotWin::Initialize failed
[0517/234702.061:ERROR:process_reader_win.cc(123)] NtOpenThread: {Access Denied} A process has requested access to an object, but has not been granted those access rights. (0xc0000022)
[0517/234702.062:ERROR:exception_snapshot_win.cc(88)] thread ID 11480 not found in process
[0517/234702.062:WARNING:crash_report_exception_handler.cc(62)] ProcessSnapshotWin::Initialize failed
[0517/235159.748:ERROR:process_reader_win.cc(123)] NtOpenThread: {Access Denied} A process has requested access to an object, but has not been granted those access rights. (0xc0000022)
[0517/235159.749:ERROR:exception_snapshot_win.cc(88)] thread ID 11636 not found in process
[0517/235159.749:WARNING:crash_report_exception_handler.cc(62)] ProcessSnapshotWin::Initialize failed
[0517/235848.532:ERROR:process_reader_win.cc(123)] NtOpenThread: {Access Denied} A process has requested access to an object, but has not been granted those access rights. (0xc0000022)
[0517/235848.533:ERROR:exception_snapshot_win.cc(88)] thread ID 248 not found in process
[0517/235848.533:WARNING:crash_report_exception_handler.cc(62)] ProcessSnapshotWin::Initialize failed
[0518/000144.201:ERROR:process_reader_win.cc(123)] NtOpenThread: {Access Denied} A process has requested access to an object, but has not been granted those access rights. (0xc0000022)
[0518/000144.202:ERROR:exception_snapshot_win.cc(88)] thread ID 13104 not found in process
[0518/000144.202:WARNING:crash_report_exception_handler.cc(62)] ProcessSnapshotWin::Initialize failed
[0518/000259.801:ERROR:process_reader_win.cc(123)] NtOpenThread: {Access Denied} A process has requested access to an object, but has not been granted those access rights. (0xc0000022)
[0518/000259.802:ERROR:exception_snapshot_win.cc(88)] thread ID 2780 not found in process
[0518/000259.802:WARNING:crash_report_exception_handler.cc(62)] ProcessSnapshotWin::Initialize failed
[0518/000451.027:ERROR:process_reader_win.cc(123)] NtOpenThread: {Access Denied} A process has requested access to an object, but has not been granted those access rights. (0xc0000022)
[0518/000451.028:ERROR:exception_snapshot_win.cc(88)] thread ID 6596 not found in process
[0518/000451.028:WARNING:crash_report_exception_handler.cc(62)] ProcessSnapshotWin::Initialize failed
[0518/000710.606:ERROR:process_reader_win.cc(123)] NtOpenThread: {Access Denied} A process has requested access to an object, but has not been granted those access rights. (0xc0000022)
[0518/000710.705:ERROR:exception_snapshot_win.cc(88)] thread ID 880 not found in process
[0518/000710.705:WARNING:crash_report_exception_handler.cc(62)] ProcessSnapshotWin::Initialize failed
[0518/000954.356:ERROR:process_reader_win.cc(123)] NtOpenThread: {Access Denied} A process has requested access to an object, but has not been granted those access rights. (0xc0000022)
[0518/000954.357:ERROR:exception_snapshot_win.cc(88)] thread ID 10140 not found in process
[0518/000954.357:WARNING:crash_report_exception_handler.cc(62)] ProcessSnapshotWin::Initialize failed
[0518/003634.955:ERROR:process_reader_win.cc(123)] NtOpenThread: {Access Denied} A process has requested access to an object, but has not been granted those access rights. (0xc0000022)
[0518/003634.956:ERROR:exception_snapshot_win.cc(88)] thread ID 2844 not found in process
[0518/003634.956:WARNING:crash_report_exception_handler.cc(62)] ProcessSnapshotWin::Initialize failed
[0518/003722.532:ERROR:process_reader_win.cc(123)] NtOpenThread: {Access Denied} A process has requested access to an object, but has not been granted those access rights. (0xc0000022)
[0518/003722.533:ERROR:exception_snapshot_win.cc(88)] thread ID 9404 not found in process
[0518/003722.533:WARNING:crash_report_exception_handler.cc(62)] ProcessSnapshotWin::Initialize failed
[0518/013816.465:ERROR:process_reader_win.cc(123)] NtOpenThread: {Access Denied} A process has requested access to an object, but has not been granted those access rights. (0xc0000022)
[0518/013816.466:ERROR:exception_snapshot_win.cc(88)] thread ID 7544 not found in process
[0518/013816.466:WARNING:crash_report_exception_handler.cc(62)] ProcessSnapshotWin::Initialize failed
[0518/075851.907:ERROR:process_reader_win.cc(123)] NtOpenThread: {Access Denied} A process has requested access to an object, but has not been granted those access rights. (0xc0000022)
[0518/075851.908:ERROR:exception_snapshot_win.cc(88)] thread ID 11428 not found in process
[0518/075851.908:WARNING:crash_report_exception_handler.cc(62)] ProcessSnapshotWin::Initialize failed
[0518/090839.302:ERROR:process_reader_win.cc(123)] NtOpenThread: {Access Denied} A process has requested access to an object, but has not been granted those access rights. (0xc0000022)
[0518/090839.355:ERROR:exception_snapshot_win.cc(88)] thread ID 2236 not found in process
[0518/090839.355:WARNING:crash_report_exception_handler.cc(62)] ProcessSnapshotWin::Initialize failed
[0518/091320.084:ERROR:process_reader_win.cc(151)] SuspendThread: Access is denied. (0x5)
[0518/091320.085:ERROR:process_reader_win.cc(123)] NtOpenThread: {Access Denied} A process has requested access to an object, but has not been granted those access rights. (0xc0000022)
[0518/091320.086:ERROR:exception_snapshot_win.cc(88)] thread ID 11840 not found in process
[0518/091320.086:WARNING:crash_report_exception_handler.cc(62)] ProcessSnapshotWin::Initialize failed
[0518/185926.457:ERROR:process_reader_win.cc(123)] NtOpenThread: {Access Denied} A process has requested access to an object, but has not been granted those access rights. (0xc0000022)
[0518/185926.521:ERROR:exception_snapshot_win.cc(88)] thread ID 4284 not found in process
[0518/185926.521:WARNING:crash_report_exception_handler.cc(62)] ProcessSnapshotWin::Initialize failed
[0521/162805.402:ERROR:process_reader_win.cc(151)] SuspendThread: Access is denied. (0x5)
[0521/162806.939:ERROR:process_reader_win.cc(151)] SuspendThread: Access is denied. (0x5)
[0521/162806.939:ERROR:process_reader_win.cc(151)] SuspendThread: Access is denied. (0x5)
[0521/162806.939:ERROR:process_reader_win.cc(151)] SuspendThread: Access is denied. (0x5)
[0521/162806.939:ERROR:process_reader_win.cc(151)] SuspendThread: Access is denied. (0x5)
[0521/162806.939:ERROR:process_reader_win.cc(151)] SuspendThread: Access is denied. (0x5)
[0521/162806.939:ERROR:process_reader_win.cc(123)] NtOpenThread: {Access Denied} A process has requested access to an object, but has not been granted those access rights. (0xc0000022)
[0521/162807.098:ERROR:exception_snapshot_win.cc(88)] thread ID 8124 not found in process
[0521/162807.098:WARNING:crash_report_exception_handler.cc(62)] ProcessSnapshotWin::Initialize failed
[0521/233758.499:ERROR:process_reader_win.cc(123)] NtOpenThread: {Access Denied} A process has requested access to an object, but has not been granted those access rights. (0xc0000022)
[0521/233758.534:ERROR:exception_snapshot_win.cc(88)] thread ID 12004 not found in process
[0521/233758.534:WARNING:crash_report_exception_handler.cc(62)] ProcessSnapshotWin::Initialize failed
[0521/233949.248:ERROR:process_reader_win.cc(123)] NtOpenThread: {Access Denied} A process has requested access to an object, but has not been granted those access rights. (0xc0000022)
[0521/233949.250:ERROR:exception_snapshot_win.cc(88)] thread ID 10540 not found in process
[0521/233949.250:WARNING:crash_report_exception_handler.cc(62)] ProcessSnapshotWin::Initialize failed
[0521/234242.366:ERROR:process_reader_win.cc(123)] NtOpenThread: {Access Denied} A process has requested access to an object, but has not been granted those access rights. (0xc0000022)
[0521/234242.368:ERROR:exception_snapshot_win.cc(88)] thread ID 9260 not found in process
[0521/234242.368:WARNING:crash_report_exception_handler.cc(62)] ProcessSnapshotWin::Initialize failed
[0521/234513.155:ERROR:process_reader_win.cc(123)] NtOpenThread: {Access Denied} A process has requested access to an object, but has not been granted those access rights. (0xc0000022)
[0521/234513.156:ERROR:exception_snapshot_win.cc(88)] thread ID 6688 not found in process
[0521/234513.156:WARNING:crash_report_exception_handler.cc(62)] ProcessSnapshotWin::Initialize failed
[0521/235444.052:ERROR:process_reader_win.cc(123)] NtOpenThread: {Access Denied} A process has requested access to an object, but has not been granted those access rights. (0xc0000022)
[0521/235444.054:ERROR:exception_snapshot_win.cc(88)] thread ID 8912 not found in process
[0521/235444.054:WARNING:crash_report_exception_handler.cc(62)] ProcessSnapshotWin::Initialize failed
[0521/235920.560:ERROR:process_reader_win.cc(123)] NtOpenThread: {Access Denied} A process has requested access to an object, but has not been granted those access rights. (0xc0000022)
[0521/235920.562:ERROR:exception_snapshot_win.cc(88)] thread ID 4608 not found in process
[0521/235920.562:WARNING:crash_report_exception_handler.cc(62)] ProcessSnapshotWin::Initialize failed
[0522/004713.609:ERROR:process_reader_win.cc(123)] NtOpenThread: {Access Denied} A process has requested access to an object, but has not been granted those access rights. (0xc0000022)
[0522/004713.610:ERROR:exception_snapshot_win.cc(88)] thread ID 6636 not found in process
[0522/004713.610:WARNING:crash_report_exception_handler.cc(62)] ProcessSnapshotWin::Initialize failed
[0522/010721.348:ERROR:process_reader_win.cc(123)] NtOpenThread: {Access Denied} A process has requested access to an object, but has not been granted those access rights. (0xc0000022)
[0522/010721.349:ERROR:exception_snapshot_win.cc(88)] thread ID 6108 not found in process
[0522/010721.349:WARNING:crash_report_exception_handler.cc(62)] ProcessSnapshotWin::Initialize failed
[0625/170437.601:ERROR:process_reader_win.cc(123)] NtOpenThread: {Access Denied} A process has requested access to an object, but has not been granted those access rights. (0xc0000022)
[0625/170437.641:ERROR:exception_snapshot_win.cc(88)] thread ID 10500 not found in process
[0625/173306.185:ERROR:process_reader_win.cc(123)] NtOpenThread: {Access Denied} A process has requested access to an object, but has not been granted those access rights. (0xc0000022)
[0625/173306.186:ERROR:exception_snapshot_win.cc(88)] thread ID 10164 not found in process
[0625/180445.981:ERROR:process_reader_win.cc(123)] NtOpenThread: {Access Denied} A process has requested access to an object, but has not been granted those access rights. (0xc0000022)
[0625/180445.983:ERROR:exception_snapshot_win.cc(88)] thread ID 13368 not found in process
[0625/182922.796:ERROR:process_reader_win.cc(123)] NtOpenThread: {Access Denied} A process has requested access to an object, but has not been granted those access rights. (0xc0000022)
[0625/182922.797:ERROR:exception_snapshot_win.cc(88)] thread ID 12636 not found in process
[0625/191955.726:ERROR:process_reader_win.cc(123)] NtOpenThread: {Access Denied} A process has requested access to an object, but has not been granted those access rights. (0xc0000022)
[0625/191955.728:ERROR:exception_snapshot_win.cc(88)] thread ID 10432 not found in process
[0626/150011.231:ERROR:process_reader_win.cc(123)] NtOpenThread: {Access Denied} A process has requested access to an object, but has not been granted those access rights. (0xc0000022)
[0626/150011.248:ERROR:exception_snapshot_win.cc(88)] thread ID 9760 not found in process
[0626/152002.733:ERROR:process_reader_win.cc(123)] NtOpenThread: {Access Denied} A process has requested access to an object, but has not been granted those access rights. (0xc0000022)
[0626/152002.734:ERROR:exception_snapshot_win.cc(88)] thread ID 9032 not found in process
[0626/152909.600:ERROR:process_reader_win.cc(123)] NtOpenThread: {Access Denied} A process has requested access to an object, but has not been granted those access rights. (0xc0000022)
[0626/152909.601:ERROR:exception_snapshot_win.cc(88)] thread ID 10272 not found in process
[0626/153640.181:ERROR:process_reader_win.cc(123)] NtOpenThread: {Access Denied} A process has requested access to an object, but has not been granted those access rights. (0xc0000022)
[0626/153640.182:ERROR:exception_snapshot_win.cc(88)] thread ID 7152 not found in process
[0627/111735.428:ERROR:process_reader_win.cc(123)] NtOpenThread: {Access Denied} A process has requested access to an object, but has not been granted those access rights. (0xc0000022)
[0627/111735.478:ERROR:exception_snapshot_win.cc(88)] thread ID 10324 not found in process
[0627/131703.186:ERROR:process_reader_win.cc(123)] NtOpenThread: {Access Denied} A process has requested access to an object, but has not been granted those access rights. (0xc0000022)
[0627/131703.187:ERROR:exception_snapshot_win.cc(88)] thread ID 10972 not found in process
[0627/151105.422:ERROR:process_reader_win.cc(123)] NtOpenThread: {Access Denied} A process has requested access to an object, but has not been granted those access rights. (0xc0000022)
[0627/151105.431:ERROR:exception_snapshot_win.cc(88)] thread ID 13304 not found in process
